<?xml version="1.0" encoding="UTF-8"?>
<!-- Generated by org.testng.reporters.JUnitXMLReporter -->
<testsuite ignored="0" hostname="LAPTOP-1J10G11S" failures="2" tests="2" name="Test" time="44.226" errors="0" timestamp="2022-11-04T00:02:12 IST">
  <testcase classname="TestCases.VerifySignup" name="signup" time="30.457">
    <failure type="java.lang.UnsupportedOperationException" message="You may not select a disabled option">
      <![CDATA[java.lang.UnsupportedOperationException: You may not select a disabled option
at org.openqa.selenium.support.ui.Select.assertOptionIsEnabled(Select.java:326)
at org.openqa.selenium.support.ui.Select.setSelected(Select.java:318)
at org.openqa.selenium.support.ui.Select.setSelectedByIndex(Select.java:301)
at org.openqa.selenium.support.ui.Select.selectByIndex(Select.java:180)
at Resources.CommonUtilities.handleStaticDropdown(CommonUtilities.java:22)
at TestCases.VerifySignup.signup(VerifySignup.java:44)
at java.base/java.util.ArrayList.forEach(ArrayList.java:1511)
... Removed 27 stack frames]]>
    </failure>
  </testcase> <!-- signup -->
  <testcase classname="TestCases.VerifyLogin" name="login" time="0.225">
    <failure type="java.lang.IllegalArgumentException" message="Input must be set">
      <![CDATA[java.lang.IllegalArgumentException: Input must be set
at org.openqa.selenium.internal.Require.nonNull(Require.java:59)
at org.openqa.selenium.support.ui.FluentWait.<init>(FluentWait.java:97)
at org.openqa.selenium.support.ui.WebDriverWait.<init>(WebDriverWait.java:77)
at org.openqa.selenium.support.ui.WebDriverWait.<init>(WebDriverWait.java:46)
at Resources.CommonUtilities.handleExplicitWait(CommonUtilities.java:40)
at TestCases.VerifyLogin.login(VerifyLogin.java:24)
at java.base/java.util.ArrayList.forEach(ArrayList.java:1511)
... Removed 27 stack frames]]>
    </failure>
  </testcase> <!-- login -->
</testsuite> <!-- Test -->
